{"C:\\Users\\Adminn\\Desktop\\collaboration\\collaboration_001\\script.js": {"path":"C:\\Users\\Adminn\\Desktop\\collaboration\\collaboration_001\\script.js","statementMap":{"0":{"start":{"line":1,"column":13},"end":{"line":1,"column":43}},"1":{"start":{"line":2,"column":19},"end":{"line":2,"column":51}},"2":{"start":{"line":3,"column":22},"end":{"line":3,"column":63}},"3":{"start":{"line":5,"column":14},"end":{"line":5,"column":16}},"4":{"start":{"line":8,"column":7},"end":{"line":8,"column":22}},"5":{"start":{"line":9,"column":7},"end":{"line":9,"column":30}},"6":{"start":{"line":10,"column":7},"end":{"line":10,"column":18}},"7":{"start":{"line":14,"column":16},"end":{"line":20,"column":1}},"8":{"start":{"line":15,"column":21},"end":{"line":15,"column":54}},"9":{"start":{"line":16,"column":2},"end":{"line":16,"column":39}},"10":{"start":{"line":17,"column":2},"end":{"line":17,"column":65}},"11":{"start":{"line":19,"column":2},"end":{"line":19,"column":29}},"12":{"start":{"line":24,"column":14},"end":{"line":29,"column":6}},"13":{"start":{"line":25,"column":6},"end":{"line":28,"column":14}},"14":{"start":{"line":30,"column":4},"end":{"line":30,"column":44}},"15":{"start":{"line":34,"column":4},"end":{"line":34,"column":24}},"16":{"start":{"line":38,"column":0},"end":{"line":45,"column":1}},"17":{"start":{"line":38,"column":9},"end":{"line":44,"column":4}},"18":{"start":{"line":39,"column":4},"end":{"line":39,"column":23}},"19":{"start":{"line":40,"column":15},"end":{"line":40,"column":33}},"20":{"start":{"line":41,"column":18},"end":{"line":41,"column":34}},"21":{"start":{"line":42,"column":4},"end":{"line":42,"column":23}},"22":{"start":{"line":43,"column":4},"end":{"line":43,"column":21}},"23":{"start":{"line":48,"column":2},"end":{"line":53,"column":5}},"24":{"start":{"line":49,"column":4},"end":{"line":52,"column":5}},"25":{"start":{"line":50,"column":6},"end":{"line":50,"column":65}},"26":{"start":{"line":51,"column":6},"end":{"line":51,"column":24}},"27":{"start":{"line":55,"column":2},"end":{"line":74,"column":1}},"28":{"start":{"line":55,"column":20},"end":{"line":73,"column":4}},"29":{"start":{"line":56,"column":4},"end":{"line":72,"column":5}},"30":{"start":{"line":57,"column":6},"end":{"line":57,"column":49}},"31":{"start":{"line":58,"column":6},"end":{"line":58,"column":41}},"32":{"start":{"line":59,"column":6},"end":{"line":59,"column":77}},"33":{"start":{"line":61,"column":9},"end":{"line":72,"column":5}},"34":{"start":{"line":62,"column":22},"end":{"line":62,"column":61}},"35":{"start":{"line":64,"column":20},"end":{"line":64,"column":29}},"36":{"start":{"line":65,"column":6},"end":{"line":65,"column":33}},"37":{"start":{"line":66,"column":6},"end":{"line":68,"column":7}},"38":{"start":{"line":66,"column":19},"end":{"line":66,"column":20}},"39":{"start":{"line":67,"column":8},"end":{"line":67,"column":32}},"40":{"start":{"line":70,"column":6},"end":{"line":70,"column":69}},"41":{"start":{"line":71,"column":6},"end":{"line":71,"column":24}}},"fnMap":{"0":{"name":"(anonymous_0)","decl":{"start":{"line":7,"column":4},"end":{"line":7,"column":5}},"loc":{"start":{"line":7,"column":33},"end":{"line":11,"column":5}},"line":7},"1":{"name":"(anonymous_1)","decl":{"start":{"line":14,"column":16},"end":{"line":14,"column":17}},"loc":{"start":{"line":14,"column":31},"end":{"line":20,"column":1}},"line":14},"2":{"name":"(anonymous_2)","decl":{"start":{"line":23,"column":2},"end":{"line":23,"column":3}},"loc":{"start":{"line":23,"column":33},"end":{"line":31,"column":3}},"line":23},"3":{"name":"(anonymous_3)","decl":{"start":{"line":24,"column":28},"end":{"line":24,"column":29}},"loc":{"start":{"line":24,"column":39},"end":{"line":29,"column":5}},"line":24},"4":{"name":"(anonymous_4)","decl":{"start":{"line":33,"column":2},"end":{"line":33,"column":3}},"loc":{"start":{"line":33,"column":22},"end":{"line":35,"column":3}},"line":33},"5":{"name":"(anonymous_5)","decl":{"start":{"line":38,"column":40},"end":{"line":38,"column":41}},"loc":{"start":{"line":38,"column":46},"end":{"line":44,"column":3}},"line":38},"6":{"name":"(anonymous_6)","decl":{"start":{"line":48,"column":33},"end":{"line":48,"column":34}},"loc":{"start":{"line":48,"column":38},"end":{"line":53,"column":3}},"line":48},"7":{"name":"(anonymous_7)","decl":{"start":{"line":55,"column":60},"end":{"line":55,"column":61}},"loc":{"start":{"line":55,"column":66},"end":{"line":73,"column":3}},"line":55}},"branchMap":{"0":{"loc":{"start":{"line":38,"column":0},"end":{"line":45,"column":1}},"type":"if","locations":[{"start":{"line":38,"column":0},"end":{"line":45,"column":1}},{"start":{},"end":{}}],"line":38},"1":{"loc":{"start":{"line":49,"column":4},"end":{"line":52,"column":5}},"type":"if","locations":[{"start":{"line":49,"column":4},"end":{"line":52,"column":5}},{"start":{},"end":{}}],"line":49},"2":{"loc":{"start":{"line":55,"column":2},"end":{"line":74,"column":1}},"type":"if","locations":[{"start":{"line":55,"column":2},"end":{"line":74,"column":1}},{"start":{},"end":{}}],"line":55},"3":{"loc":{"start":{"line":56,"column":4},"end":{"line":72,"column":5}},"type":"if","locations":[{"start":{"line":56,"column":4},"end":{"line":72,"column":5}},{"start":{"line":61,"column":9},"end":{"line":72,"column":5}}],"line":56},"4":{"loc":{"start":{"line":61,"column":9},"end":{"line":72,"column":5}},"type":"if","locations":[{"start":{"line":61,"column":9},"end":{"line":72,"column":5}},{"start":{},"end":{}}],"line":61}},"s":{"0":1,"1":1,"2":1,"3":1,"4":1,"5":1,"6":1,"7":1,"8":1,"9":1,"10":1,"11":1,"12":1,"13":1,"14":1,"15":0,"16":1,"17":0,"18":0,"19":0,"20":0,"21":0,"22":0,"23":1,"24":0,"25":0,"26":0,"27":1,"28":0,"29":0,"30":0,"31":0,"32":0,"33":0,"34":0,"35":0,"36":0,"37":0,"38":0,"39":0,"40":0,"41":0},"f":{"0":1,"1":1,"2":1,"3":1,"4":0,"5":0,"6":0,"7":0},"b":{"0":[0,1],"1":[0,0],"2":[0,1],"3":[0,0],"4":[0,0]},"_coverageSchema":"1a1c01bbd47fc00a2c39e90264f33305004495a9","hash":"e36a6839b96a01ccc9d706d27d261e33dd279c0a"}
}
