{"C:\\Users\\Hermon\\collaboration_001\\script.js": {"path":"C:\\Users\\Hermon\\collaboration_001\\script.js","statementMap":{"0":{"start":{"line":1,"column":13},"end":{"line":1,"column":43}},"1":{"start":{"line":2,"column":19},"end":{"line":2,"column":51}},"2":{"start":{"line":3,"column":22},"end":{"line":3,"column":63}},"3":{"start":{"line":5,"column":14},"end":{"line":5,"column":16}},"4":{"start":{"line":8,"column":7},"end":{"line":8,"column":22}},"5":{"start":{"line":9,"column":7},"end":{"line":9,"column":30}},"6":{"start":{"line":10,"column":7},"end":{"line":10,"column":18}},"7":{"start":{"line":14,"column":0},"end":{"line":20,"column":1}},"8":{"start":{"line":14,"column":9},"end":{"line":19,"column":4}},"9":{"start":{"line":15,"column":4},"end":{"line":15,"column":23}},"10":{"start":{"line":17,"column":4},"end":{"line":17,"column":22}},"11":{"start":{"line":18,"column":4},"end":{"line":18,"column":21}},"12":{"start":{"line":22,"column":18},"end":{"line":29,"column":3}},"13":{"start":{"line":26,"column":23},"end":{"line":26,"column":56}},"14":{"start":{"line":27,"column":4},"end":{"line":27,"column":41}},"15":{"start":{"line":28,"column":4},"end":{"line":28,"column":67}},"16":{"start":{"line":33,"column":16},"end":{"line":38,"column":8}},"17":{"start":{"line":34,"column":8},"end":{"line":37,"column":16}},"18":{"start":{"line":39,"column":6},"end":{"line":39,"column":46}},"19":{"start":{"line":43,"column":6},"end":{"line":43,"column":26}},"20":{"start":{"line":47,"column":2},"end":{"line":52,"column":5}},"21":{"start":{"line":48,"column":4},"end":{"line":51,"column":5}},"22":{"start":{"line":49,"column":6},"end":{"line":49,"column":65}},"23":{"start":{"line":50,"column":6},"end":{"line":50,"column":24}},"24":{"start":{"line":54,"column":2},"end":{"line":73,"column":1}},"25":{"start":{"line":54,"column":20},"end":{"line":72,"column":4}},"26":{"start":{"line":55,"column":4},"end":{"line":71,"column":5}},"27":{"start":{"line":56,"column":6},"end":{"line":56,"column":49}},"28":{"start":{"line":57,"column":6},"end":{"line":57,"column":41}},"29":{"start":{"line":58,"column":6},"end":{"line":58,"column":77}},"30":{"start":{"line":60,"column":9},"end":{"line":71,"column":5}},"31":{"start":{"line":61,"column":22},"end":{"line":61,"column":61}},"32":{"start":{"line":63,"column":20},"end":{"line":63,"column":29}},"33":{"start":{"line":64,"column":6},"end":{"line":64,"column":33}},"34":{"start":{"line":65,"column":6},"end":{"line":67,"column":7}},"35":{"start":{"line":65,"column":19},"end":{"line":65,"column":20}},"36":{"start":{"line":66,"column":8},"end":{"line":66,"column":32}},"37":{"start":{"line":69,"column":6},"end":{"line":69,"column":69}},"38":{"start":{"line":70,"column":6},"end":{"line":70,"column":24}}},"fnMap":{"0":{"name":"(anonymous_0)","decl":{"start":{"line":7,"column":4},"end":{"line":7,"column":5}},"loc":{"start":{"line":7,"column":33},"end":{"line":11,"column":5}},"line":7},"1":{"name":"(anonymous_1)","decl":{"start":{"line":14,"column":40},"end":{"line":14,"column":41}},"loc":{"start":{"line":14,"column":46},"end":{"line":19,"column":3}},"line":14},"2":{"name":"(anonymous_2)","decl":{"start":{"line":22,"column":18},"end":{"line":22,"column":19}},"loc":{"start":{"line":22,"column":40},"end":{"line":29,"column":3}},"line":22},"3":{"name":"(anonymous_3)","decl":{"start":{"line":32,"column":4},"end":{"line":32,"column":5}},"loc":{"start":{"line":32,"column":26},"end":{"line":40,"column":5}},"line":32},"4":{"name":"(anonymous_4)","decl":{"start":{"line":33,"column":30},"end":{"line":33,"column":31}},"loc":{"start":{"line":33,"column":41},"end":{"line":38,"column":7}},"line":33},"5":{"name":"(anonymous_5)","decl":{"start":{"line":42,"column":4},"end":{"line":42,"column":5}},"loc":{"start":{"line":42,"column":24},"end":{"line":44,"column":5}},"line":42},"6":{"name":"(anonymous_6)","decl":{"start":{"line":47,"column":33},"end":{"line":47,"column":34}},"loc":{"start":{"line":47,"column":38},"end":{"line":52,"column":3}},"line":47},"7":{"name":"(anonymous_7)","decl":{"start":{"line":54,"column":60},"end":{"line":54,"column":61}},"loc":{"start":{"line":54,"column":66},"end":{"line":72,"column":3}},"line":54}},"branchMap":{"0":{"loc":{"start":{"line":14,"column":0},"end":{"line":20,"column":1}},"type":"if","locations":[{"start":{"line":14,"column":0},"end":{"line":20,"column":1}},{"start":{},"end":{}}],"line":14},"1":{"loc":{"start":{"line":48,"column":4},"end":{"line":51,"column":5}},"type":"if","locations":[{"start":{"line":48,"column":4},"end":{"line":51,"column":5}},{"start":{},"end":{}}],"line":48},"2":{"loc":{"start":{"line":54,"column":2},"end":{"line":73,"column":1}},"type":"if","locations":[{"start":{"line":54,"column":2},"end":{"line":73,"column":1}},{"start":{},"end":{}}],"line":54},"3":{"loc":{"start":{"line":55,"column":4},"end":{"line":71,"column":5}},"type":"if","locations":[{"start":{"line":55,"column":4},"end":{"line":71,"column":5}},{"start":{"line":60,"column":9},"end":{"line":71,"column":5}}],"line":55},"4":{"loc":{"start":{"line":60,"column":9},"end":{"line":71,"column":5}},"type":"if","locations":[{"start":{"line":60,"column":9},"end":{"line":71,"column":5}},{"start":{},"end":{}}],"line":60}},"s":{"0":1,"1":1,"2":1,"3":1,"4":1,"5":1,"6":1,"7":1,"8":0,"9":0,"10":0,"11":0,"12":1,"13":1,"14":1,"15":1,"16":0,"17":0,"18":0,"19":0,"20":1,"21":0,"22":0,"23":0,"24":1,"25":0,"26":0,"27":0,"28":0,"29":0,"30":0,"31":0,"32":0,"33":0,"34":0,"35":0,"36":0,"37":0,"38":0},"f":{"0":1,"1":0,"2":1,"3":0,"4":0,"5":0,"6":0,"7":0},"b":{"0":[0,1],"1":[0,0],"2":[0,1],"3":[0,0],"4":[0,0]},"_coverageSchema":"1a1c01bbd47fc00a2c39e90264f33305004495a9","hash":"49cd13ca959489f34a156234ad325c77c53634a0"}
}
